<?xml version="1.0" encoding="UTF-8"?>
<!-- Generated by org.testng.reporters.JUnitReportReporter -->
<testsuite hostname="user" failures="0" tests="2" name="com.itvdn.GroupTest" time="0.002" errors="0" timestamp="07 сент. 2021 06:47:48 GMT" skipped="0">
  <testcase classname="com.itvdn.GroupTest" name="testMethodOne" time="0.002"/>
  <testcase classname="com.itvdn.GroupTest" name="testMethodTwo" time="0.000"/>
</testsuite> <!-- com.itvdn.GroupTest -->
